21:40:15 [INFO] 🔧 Configured for debug.
21:40:15 [INFO] address: [1;49;39m127.0.0.1[0m
21:40:15 [INFO] port: [1;49;39m8000[0m
21:40:15 [INFO] workers: [1;49;39m4[0m
21:40:15 [INFO] ident: [1;49;39mRocket[0m
21:40:15 [INFO] limits: [1;49;39mbytes = 8KiB, data-form = 2MiB, file = 1MiB, form = 32KiB, json = 1MiB, msgpack = 1MiB, string = 8KiB[0m
21:40:15 [INFO] temp dir: [1;49;39m/tmp[0m
21:40:15 [INFO] http/2: [1;49;39mtrue[0m
21:40:15 [INFO] keep-alive: [1;49;39m5[0m[1;49;39ms[0m
21:40:15 [INFO] tls: [1;49;39mdisabled[0m
21:40:15 [INFO] shutdown: [1;49;39mctrlc = true, force = true, signals = [SIGTERM], grace = 2s, mercy = 3s[0m
21:40:15 [INFO] log level: [1;49;39mnormal[0m
21:40:15 [INFO] cli colors: [1;49;39mtrue[0m
21:40:15 [INFO] 📬 [35mRoutes[0m:
21:40:15 [INFO] [36m([0m[37mauthenticate[0m[36m)[0m [32mGET[0m [4;34m/api[0m[34m/auth[0m
21:40:15 [INFO] [36m([0m[37mregister_user[0m[36m)[0m [32mGET[0m [4;34m/api[0m[34m/register[0m
21:40:15 [INFO] 🥅 [35mCatchers[0m:
21:40:15 [INFO] [36m([0m[37mbad_request[0m[36m)[0m [32m/api[0m [34m400[0m
21:40:15 [INFO] 📡 [35mFairings[0m:
21:40:15 [INFO] [1;49;39mShield[0m ([1;34mliftoff, response, singleton[0m)
21:40:15 [INFO] [1;49;39m'sqlite_data_db' Database Pool[0m ([1;34mignite[0m)
21:40:15 [INFO] 🛡️ [35mShield[0m:
21:40:15 [INFO] Permissions-Policy: [49;39minterest-cohort=()[0m
21:40:15 [INFO] X-Frame-Options: [49;39mSAMEORIGIN[0m
21:40:15 [INFO] X-Content-Type-Options: [49;39mnosniff[0m
21:40:15 [INFO] 🚀 [1;49;39mRocket has launched from[0m [1;4;49;39mhttp://127.0.0.1:8000[0m
21:40:32 [INFO] [32mGET[0m [34m/api/register[0m:
21:40:32 [INFO] Matched: [36m([0m[37mregister_user[0m[36m)[0m [32mGET[0m [4;34m/api[0m[34m/register[0m
21:40:32 [ERROR] Failed to write new user to database
21:40:32 [INFO] [1;49;39mOutcome:[0m [49;32mSuccess[0m
21:40:32 [INFO] [32mResponse succeeded.[0m
21:40:43 [WARN] Received SIGINT. Requesting shutdown.
21:40:43 [INFO] Shutdown requested. Waiting for pending I/O...
21:40:43 [INFO] Graceful shutdown completed successfully.
21:43:42 [INFO] 🔧 Configured for debug.
21:43:42 [INFO] address: [1;49;39m127.0.0.1[0m
21:43:42 [INFO] port: [1;49;39m8000[0m
21:43:42 [INFO] workers: [1;49;39m4[0m
21:43:42 [INFO] ident: [1;49;39mRocket[0m
21:43:42 [INFO] limits: [1;49;39mbytes = 8KiB, data-form = 2MiB, file = 1MiB, form = 32KiB, json = 1MiB, msgpack = 1MiB, string = 8KiB[0m
21:43:42 [INFO] temp dir: [1;49;39m/tmp[0m
21:43:42 [INFO] http/2: [1;49;39mtrue[0m
21:43:42 [INFO] keep-alive: [1;49;39m5[0m[1;49;39ms[0m
21:43:42 [INFO] tls: [1;49;39mdisabled[0m
21:43:42 [INFO] shutdown: [1;49;39mctrlc = true, force = true, signals = [SIGTERM], grace = 2s, mercy = 3s[0m
21:43:42 [INFO] log level: [1;49;39mnormal[0m
21:43:42 [INFO] cli colors: [1;49;39mtrue[0m
21:43:42 [INFO] 📬 [35mRoutes[0m:
21:43:42 [INFO] [36m([0m[37mauthenticate[0m[36m)[0m [32mGET[0m [4;34m/api[0m[34m/auth[0m
21:43:42 [INFO] [36m([0m[37mregister_user[0m[36m)[0m [32mGET[0m [4;34m/api[0m[34m/register[0m
21:43:42 [INFO] 🥅 [35mCatchers[0m:
21:43:42 [INFO] [36m([0m[37mbad_request[0m[36m)[0m [32m/api[0m [34m400[0m
21:43:42 [INFO] 📡 [35mFairings[0m:
21:43:42 [INFO] [1;49;39m'sqlite_data_db' Database Pool[0m ([1;34mignite[0m)
21:43:42 [INFO] [1;49;39mShield[0m ([1;34mliftoff, response, singleton[0m)
21:43:42 [INFO] 🛡️ [35mShield[0m:
21:43:42 [INFO] X-Frame-Options: [49;39mSAMEORIGIN[0m
21:43:42 [INFO] X-Content-Type-Options: [49;39mnosniff[0m
21:43:42 [INFO] Permissions-Policy: [49;39minterest-cohort=()[0m
21:43:42 [INFO] 🚀 [1;49;39mRocket has launched from[0m [1;4;49;39mhttp://127.0.0.1:8000[0m
21:43:44 [INFO] [32mGET[0m [34m/api/register[0m:
21:43:44 [INFO] Matched: [36m([0m[37mregister_user[0m[36m)[0m [32mGET[0m [4;34m/api[0m[34m/register[0m
21:43:46 [INFO] Successfully registered new user in database
21:43:46 [INFO] [1;49;39mOutcome:[0m [49;32mSuccess[0m
21:43:46 [INFO] [32mResponse succeeded.[0m
21:44:04 [INFO] [32mGET[0m [34m/api/auth[0m:
21:44:04 [INFO] Matched: [36m([0m[37mauthenticate[0m[36m)[0m [32mGET[0m [4;34m/api[0m[34m/auth[0m
21:44:04 [INFO] [1;49;39mOutcome:[0m [49;32mSuccess[0m
21:44:04 [INFO] [32mResponse succeeded.[0m
21:44:20 [INFO] [32mGET[0m [34m/api/auth[0m:
21:44:20 [INFO] Matched: [36m([0m[37mauthenticate[0m[36m)[0m [32mGET[0m [4;34m/api[0m[34m/auth[0m
21:44:20 [INFO] [1;49;39mOutcome:[0m [49;32mSuccess[0m
21:44:20 [INFO] [32mResponse succeeded.[0m
21:44:38 [WARN] Received SIGINT. Requesting shutdown.
21:44:38 [INFO] Shutdown requested. Waiting for pending I/O...
21:44:38 [INFO] Graceful shutdown completed successfully.
21:50:04 [INFO] 🔧 Configured for debug.
21:50:04 [INFO] address: [1;49;39m127.0.0.1[0m
21:50:04 [INFO] port: [1;49;39m8000[0m
21:50:04 [INFO] workers: [1;49;39m4[0m
21:50:04 [INFO] ident: [1;49;39mRocket[0m
21:50:04 [INFO] limits: [1;49;39mbytes = 8KiB, data-form = 2MiB, file = 1MiB, form = 32KiB, json = 1MiB, msgpack = 1MiB, string = 8KiB[0m
21:50:04 [INFO] temp dir: [1;49;39m/tmp[0m
21:50:04 [INFO] http/2: [1;49;39mtrue[0m
21:50:04 [INFO] keep-alive: [1;49;39m5[0m[1;49;39ms[0m
21:50:04 [INFO] tls: [1;49;39mdisabled[0m
21:50:04 [INFO] shutdown: [1;49;39mctrlc = true, force = true, signals = [SIGTERM], grace = 2s, mercy = 3s[0m
21:50:04 [INFO] log level: [1;49;39mnormal[0m
21:50:04 [INFO] cli colors: [1;49;39mtrue[0m
21:50:04 [INFO] 📬 [35mRoutes[0m:
21:50:04 [INFO] [36m([0m[37mauthenticate[0m[36m)[0m [32mGET[0m [4;34m/api[0m[34m/auth[0m
21:50:04 [INFO] [36m([0m[37mregister_user[0m[36m)[0m [32mGET[0m [4;34m/api[0m[34m/register[0m
21:50:04 [INFO] 🥅 [35mCatchers[0m:
21:50:04 [INFO] [36m([0m[37mbad_request[0m[36m)[0m [32m/api[0m [34m400[0m
21:50:04 [INFO] 📡 [35mFairings[0m:
21:50:04 [INFO] [1;49;39m'sqlite_data_db' Database Pool[0m ([1;34mignite[0m)
21:50:04 [INFO] [1;49;39mShield[0m ([1;34mliftoff, response, singleton[0m)
21:50:04 [INFO] 🛡️ [35mShield[0m:
21:50:04 [INFO] X-Content-Type-Options: [49;39mnosniff[0m
21:50:04 [INFO] X-Frame-Options: [49;39mSAMEORIGIN[0m
21:50:04 [INFO] Permissions-Policy: [49;39minterest-cohort=()[0m
21:50:04 [INFO] 🚀 [1;49;39mRocket has launched from[0m [1;4;49;39mhttp://127.0.0.1:8000[0m
21:50:18 [INFO] [32mGET[0m [34m/api/register[0m:
21:50:18 [INFO] Matched: [36m([0m[37mregister_user[0m[36m)[0m [32mGET[0m [4;34m/api[0m[34m/register[0m
21:50:18 [ERROR] User already exists in database
21:50:18 [INFO] [1;49;39mOutcome:[0m [49;32mSuccess[0m
21:50:18 [INFO] [32mResponse succeeded.[0m
21:50:24 [WARN] Received SIGINT. Requesting shutdown.
21:50:24 [INFO] Shutdown requested. Waiting for pending I/O...
21:50:24 [INFO] Graceful shutdown completed successfully.
21:57:24 [INFO] 🔧 Configured for debug.
21:57:24 [INFO] address: [1;49;39m127.0.0.1[0m
21:57:24 [INFO] port: [1;49;39m8000[0m
21:57:24 [INFO] workers: [1;49;39m4[0m
21:57:24 [INFO] ident: [1;49;39mRocket[0m
21:57:24 [INFO] limits: [1;49;39mbytes = 8KiB, data-form = 2MiB, file = 1MiB, form = 32KiB, json = 1MiB, msgpack = 1MiB, string = 8KiB[0m
21:57:24 [INFO] temp dir: [1;49;39m/tmp[0m
21:57:24 [INFO] http/2: [1;49;39mtrue[0m
21:57:24 [INFO] keep-alive: [1;49;39m5[0m[1;49;39ms[0m
21:57:24 [INFO] tls: [1;49;39mdisabled[0m
21:57:24 [INFO] shutdown: [1;49;39mctrlc = true, force = true, signals = [SIGTERM], grace = 2s, mercy = 3s[0m
21:57:24 [INFO] log level: [1;49;39mnormal[0m
21:57:24 [INFO] cli colors: [1;49;39mtrue[0m
21:57:24 [INFO] 📬 [35mRoutes[0m:
21:57:24 [INFO] [36m([0m[37mauthenticate[0m[36m)[0m [32mGET[0m [4;34m/api[0m[34m/auth[0m
21:57:24 [INFO] [36m([0m[37mregister_user[0m[36m)[0m [32mGET[0m [4;34m/api[0m[34m/register[0m
21:57:24 [INFO] [36m([0m[37mrequest_vault[0m[36m)[0m [32mGET[0m [4;34m/api[0m[34m/get_vault[0m
21:57:24 [INFO] 🥅 [35mCatchers[0m:
21:57:24 [INFO] [36m([0m[37mbad_request[0m[36m)[0m [32m/api[0m [34m400[0m
21:57:24 [INFO] 📡 [35mFairings[0m:
21:57:24 [INFO] [1;49;39m'sqlite_data_db' Database Pool[0m ([1;34mignite[0m)
21:57:24 [INFO] [1;49;39mShield[0m ([1;34mliftoff, response, singleton[0m)
21:57:24 [INFO] 🛡️ [35mShield[0m:
21:57:24 [INFO] Permissions-Policy: [49;39minterest-cohort=()[0m
21:57:24 [INFO] X-Content-Type-Options: [49;39mnosniff[0m
21:57:24 [INFO] X-Frame-Options: [49;39mSAMEORIGIN[0m
21:57:24 [INFO] 🚀 [1;49;39mRocket has launched from[0m [1;4;49;39mhttp://127.0.0.1:8000[0m
21:57:58 [INFO] [32mGET[0m [34m/api/get_vault[0m:
21:57:58 [INFO] Matched: [36m([0m[37mrequest_vault[0m[36m)[0m [32mGET[0m [4;34m/api[0m[34m/get_vault[0m
21:57:58 [INFO] [1;49;39mOutcome:[0m [49;32mSuccess[0m
21:57:58 [INFO] [32mResponse succeeded.[0m
21:58:11 [INFO] [32mGET[0m [34m/api/get_vault[0m:
21:58:11 [INFO] Matched: [36m([0m[37mrequest_vault[0m[36m)[0m [32mGET[0m [4;34m/api[0m[34m/get_vault[0m
21:58:11 [ERROR] Attempted to request vault from user with authentication key not in database
21:58:11 [INFO] [1;49;39mOutcome:[0m [49;32mSuccess[0m
21:58:11 [INFO] [32mResponse succeeded.[0m
21:58:24 [WARN] Received SIGINT. Requesting shutdown.
21:58:24 [INFO] Shutdown requested. Waiting for pending I/O...
21:58:24 [INFO] Graceful shutdown completed successfully.
22:06:31 [INFO] 🔧 Configured for debug.
22:06:31 [INFO] address: [1;49;39m127.0.0.1[0m
22:06:31 [INFO] port: [1;49;39m8000[0m
22:06:31 [INFO] workers: [1;49;39m4[0m
22:06:31 [INFO] ident: [1;49;39mRocket[0m
22:06:31 [INFO] limits: [1;49;39mbytes = 8KiB, data-form = 2MiB, file = 1MiB, form = 32KiB, json = 1MiB, msgpack = 1MiB, string = 8KiB[0m
22:06:31 [INFO] temp dir: [1;49;39m/tmp[0m
22:06:31 [INFO] http/2: [1;49;39mtrue[0m
22:06:31 [INFO] keep-alive: [1;49;39m5[0m[1;49;39ms[0m
22:06:31 [INFO] tls: [1;49;39mdisabled[0m
22:06:31 [INFO] shutdown: [1;49;39mctrlc = true, force = true, signals = [SIGTERM], grace = 2s, mercy = 3s[0m
22:06:31 [INFO] log level: [1;49;39mnormal[0m
22:06:31 [INFO] cli colors: [1;49;39mtrue[0m
22:06:31 [INFO] 📬 [35mRoutes[0m:
22:06:31 [INFO] [36m([0m[37mauthenticate[0m[36m)[0m [32mGET[0m [4;34m/api[0m[34m/auth[0m
22:06:31 [INFO] [36m([0m[37mregister_user[0m[36m)[0m [32mGET[0m [4;34m/api[0m[34m/register[0m
22:06:31 [INFO] [36m([0m[37mrequest_vault[0m[36m)[0m [32mGET[0m [4;34m/api[0m[34m/get_vault[0m
22:06:31 [INFO] [36m([0m[37mset_new_vault[0m[36m)[0m [32mGET[0m [4;34m/api[0m[34m/update_vault[0m
22:06:31 [INFO] 🥅 [35mCatchers[0m:
22:06:31 [INFO] [36m([0m[37mbad_request[0m[36m)[0m [32m/api[0m [34m400[0m
22:06:31 [INFO] 📡 [35mFairings[0m:
22:06:31 [INFO] [1;49;39mShield[0m ([1;34mliftoff, response, singleton[0m)
22:06:31 [INFO] [1;49;39m'sqlite_data_db' Database Pool[0m ([1;34mignite[0m)
22:06:31 [INFO] 🛡️ [35mShield[0m:
22:06:31 [INFO] X-Frame-Options: [49;39mSAMEORIGIN[0m
22:06:31 [INFO] Permissions-Policy: [49;39minterest-cohort=()[0m
22:06:31 [INFO] X-Content-Type-Options: [49;39mnosniff[0m
22:06:31 [INFO] 🚀 [1;49;39mRocket has launched from[0m [1;4;49;39mhttp://127.0.0.1:8000[0m
22:06:43 [INFO] [32mGET[0m [34m/api/get_vault[0m:
22:06:43 [INFO] Matched: [36m([0m[37mrequest_vault[0m[36m)[0m [32mGET[0m [4;34m/api[0m[34m/get_vault[0m
22:06:43 [INFO] [1;49;39mOutcome:[0m [49;32mSuccess[0m
22:06:43 [INFO] [32mResponse succeeded.[0m
22:07:24 [INFO] [32mGET[0m [34m/api/update_vault[0m:
22:07:24 [INFO] Matched: [36m([0m[37mset_new_vault[0m[36m)[0m [32mGET[0m [4;34m/api[0m[34m/update_vault[0m
22:07:24 [INFO] Updated vault in database
22:07:24 [INFO] [1;49;39mOutcome:[0m [49;32mSuccess[0m
22:07:24 [INFO] [32mResponse succeeded.[0m
22:07:31 [INFO] [32mGET[0m [34m/api/get_vault[0m:
22:07:31 [INFO] Matched: [36m([0m[37mrequest_vault[0m[36m)[0m [32mGET[0m [4;34m/api[0m[34m/get_vault[0m
22:07:31 [INFO] [1;49;39mOutcome:[0m [49;32mSuccess[0m
22:07:31 [INFO] [32mResponse succeeded.[0m
22:07:54 [WARN] Received SIGINT. Requesting shutdown.
22:07:54 [INFO] Shutdown requested. Waiting for pending I/O...
22:07:54 [INFO] Graceful shutdown completed successfully.
22:13:53 [INFO] 🔧 Configured for debug.
22:13:53 [INFO] address: [1;49;39m127.0.0.1[0m
22:13:53 [INFO] port: [1;49;39m8000[0m
22:13:53 [INFO] workers: [1;49;39m4[0m
22:13:53 [INFO] ident: [1;49;39mRocket[0m
22:13:53 [INFO] limits: [1;49;39mbytes = 8KiB, data-form = 2MiB, file = 1MiB, form = 32KiB, json = 1MiB, msgpack = 1MiB, string = 8KiB[0m
22:13:53 [INFO] temp dir: [1;49;39m/tmp[0m
22:13:53 [INFO] http/2: [1;49;39mtrue[0m
22:13:53 [INFO] keep-alive: [1;49;39m5[0m[1;49;39ms[0m
22:13:53 [INFO] tls: [1;49;39mdisabled[0m
22:13:53 [INFO] shutdown: [1;49;39mctrlc = true, force = true, signals = [SIGTERM], grace = 2s, mercy = 3s[0m
22:13:53 [INFO] log level: [1;49;39mnormal[0m
22:13:53 [INFO] cli colors: [1;49;39mtrue[0m
22:13:53 [INFO] 📬 [35mRoutes[0m:
22:13:53 [INFO] [36m([0m[37mauthenticate[0m[36m)[0m [32mGET[0m [4;34m/api[0m[34m/auth[0m
22:13:53 [INFO] [36m([0m[37mregister_user[0m[36m)[0m [32mGET[0m [4;34m/api[0m[34m/register[0m
22:13:53 [INFO] [36m([0m[37mrequest_vault[0m[36m)[0m [32mGET[0m [4;34m/api[0m[34m/get_vault[0m
22:13:53 [INFO] [36m([0m[37mset_new_key[0m[36m)[0m [32mGET[0m [4;34m/api[0m[34m/update_key[0m
22:13:53 [INFO] [36m([0m[37mset_new_vault[0m[36m)[0m [32mGET[0m [4;34m/api[0m[34m/update_vault[0m
22:13:53 [INFO] 🥅 [35mCatchers[0m:
22:13:53 [INFO] [36m([0m[37mbad_request[0m[36m)[0m [32m/api[0m [34m400[0m
22:13:53 [INFO] 📡 [35mFairings[0m:
22:13:53 [INFO] [1;49;39m'sqlite_data_db' Database Pool[0m ([1;34mignite[0m)
22:13:53 [INFO] [1;49;39mShield[0m ([1;34mliftoff, response, singleton[0m)
22:13:53 [INFO] 🛡️ [35mShield[0m:
22:13:53 [INFO] Permissions-Policy: [49;39minterest-cohort=()[0m
22:13:53 [INFO] X-Content-Type-Options: [49;39mnosniff[0m
22:13:53 [INFO] X-Frame-Options: [49;39mSAMEORIGIN[0m
22:13:53 [INFO] 🚀 [1;49;39mRocket has launched from[0m [1;4;49;39mhttp://127.0.0.1:8000[0m
22:14:10 [INFO] [32mGET[0m [34m/api/auth[0m:
22:14:10 [INFO] Matched: [36m([0m[37mauthenticate[0m[36m)[0m [32mGET[0m [4;34m/api[0m[34m/auth[0m
22:14:10 [INFO] [1;49;39mOutcome:[0m [49;32mSuccess[0m
22:14:10 [INFO] [32mResponse succeeded.[0m
22:14:28 [INFO] [32mGET[0m [34m/api/update_key[0m:
22:14:28 [INFO] Matched: [36m([0m[37mset_new_key[0m[36m)[0m [32mGET[0m [4;34m/api[0m[34m/update_key[0m
22:14:29 [INFO] Updated authenication key in database
22:14:29 [INFO] [1;49;39mOutcome:[0m [49;32mSuccess[0m
22:14:29 [INFO] [32mResponse succeeded.[0m
22:14:40 [INFO] [32mGET[0m [34m/api/auth[0m:
22:14:40 [INFO] Matched: [36m([0m[37mauthenticate[0m[36m)[0m [32mGET[0m [4;34m/api[0m[34m/auth[0m
22:14:40 [INFO] [1;49;39mOutcome:[0m [49;32mSuccess[0m
22:14:40 [INFO] [32mResponse succeeded.[0m
22:14:44 [WARN] Received SIGINT. Requesting shutdown.
22:14:44 [INFO] Shutdown requested. Waiting for pending I/O...
22:14:44 [INFO] Graceful shutdown completed successfully.
22:16:42 [INFO] 🔧 Configured for debug.
22:16:42 [INFO] address: [1;49;39m127.0.0.1[0m
22:16:42 [INFO] port: [1;49;39m8000[0m
22:16:42 [INFO] workers: [1;49;39m4[0m
22:16:42 [INFO] ident: [1;49;39mRocket[0m
22:16:42 [INFO] limits: [1;49;39mbytes = 8KiB, data-form = 2MiB, file = 1MiB, form = 32KiB, json = 1MiB, msgpack = 1MiB, string = 8KiB[0m
22:16:42 [INFO] temp dir: [1;49;39m/tmp[0m
22:16:42 [INFO] http/2: [1;49;39mtrue[0m
22:16:42 [INFO] keep-alive: [1;49;39m5[0m[1;49;39ms[0m
22:16:42 [INFO] tls: [1;49;39mdisabled[0m
22:16:42 [INFO] shutdown: [1;49;39mctrlc = true, force = true, signals = [SIGTERM], grace = 2s, mercy = 3s[0m
22:16:42 [INFO] log level: [1;49;39mnormal[0m
22:16:42 [INFO] cli colors: [1;49;39mtrue[0m
22:16:42 [INFO] 📬 [35mRoutes[0m:
22:16:42 [INFO] [36m([0m[37mauthenticate[0m[36m)[0m [32mGET[0m [4;34m/api[0m[34m/auth[0m
22:16:42 [INFO] [36m([0m[37mregister_user[0m[36m)[0m [32mGET[0m [4;34m/api[0m[34m/register[0m
22:16:42 [INFO] [36m([0m[37mrequest_vault[0m[36m)[0m [32mGET[0m [4;34m/api[0m[34m/get_vault[0m
22:16:42 [INFO] [36m([0m[37mset_new_key[0m[36m)[0m [32mGET[0m [4;34m/api[0m[34m/update_key[0m
22:16:42 [INFO] [36m([0m[37mset_new_vault[0m[36m)[0m [32mGET[0m [4;34m/api[0m[34m/update_vault[0m
22:16:42 [INFO] 🥅 [35mCatchers[0m:
22:16:42 [INFO] [36m([0m[37mbad_request[0m[36m)[0m [32m/api[0m [34m400[0m
22:16:42 [INFO] 📡 [35mFairings[0m:
22:16:42 [INFO] [1;49;39m'sqlite_data_db' Database Pool[0m ([1;34mignite[0m)
22:16:42 [INFO] [1;49;39mShield[0m ([1;34mliftoff, response, singleton[0m)
22:16:42 [INFO] 🛡️ [35mShield[0m:
22:16:42 [INFO] X-Frame-Options: [49;39mSAMEORIGIN[0m
22:16:42 [INFO] X-Content-Type-Options: [49;39mnosniff[0m
22:16:42 [INFO] Permissions-Policy: [49;39minterest-cohort=()[0m
22:16:42 [INFO] 🚀 [1;49;39mRocket has launched from[0m [1;4;49;39mhttp://127.0.0.1:8000[0m
22:16:44 [INFO] [32mGET[0m [34m/api/auth[0m:
22:16:44 [INFO] Matched: [36m([0m[37mauthenticate[0m[36m)[0m [32mGET[0m [4;34m/api[0m[34m/auth[0m
22:16:44 [WARN] Request guard `AuthKey` failed: AuthKeyMissing.
22:16:44 [INFO] [1;49;39mOutcome:[0m [49;31mFailure[0m
22:16:44 [WARN] Responding with registered [36m([0m[37mbad_request[0m[36m)[0m [32m/api[0m [34m400[0m catcher.
22:16:44 [INFO] [32mResponse succeeded.[0m
22:16:50 [INFO] [32mGET[0m [34m/api/auth[0m:
22:16:50 [INFO] Matched: [36m([0m[37mauthenticate[0m[36m)[0m [32mGET[0m [4;34m/api[0m[34m/auth[0m
22:16:50 [INFO] [1;49;39mOutcome:[0m [49;32mSuccess[0m
22:16:50 [INFO] [32mResponse succeeded.[0m
22:16:54 [INFO] [32mGET[0m [34m/api/auth[0m:
22:16:54 [INFO] Matched: [36m([0m[37mauthenticate[0m[36m)[0m [32mGET[0m [4;34m/api[0m[34m/auth[0m
22:16:54 [INFO] [1;49;39mOutcome:[0m [49;32mSuccess[0m
22:16:54 [INFO] [32mResponse succeeded.[0m
22:17:39 [WARN] Received SIGINT. Requesting shutdown.
22:17:39 [INFO] Shutdown requested. Waiting for pending I/O...
22:17:39 [INFO] Graceful shutdown completed successfully.
